<?xml version="1.0" encoding="UTF-8"?>
<testsuite name="com.yan.storyapp.ui.MainViewModelTest" tests="2" skipped="0" failures="0" errors="0" timestamp="2024-05-30T15:23:57" hostname="Random-2.local" time="0.554">
  <properties/>
  <testcase name="when Get Story Empty Should Return No Data" classname="com.yan.storyapp.ui.MainViewModelTest" time="0.551"/>
  <testcase name="when Get Story Should Not Null and Return Data" classname="com.yan.storyapp.ui.MainViewModelTest" time="0.003"/>
  <system-out><![CDATA[]]></system-out>
  <system-err><![CDATA[]]></system-err>
</testsuite>
