<?xml version='1.0' encoding='UTF-8' ?>
<testsuite name="com.yan.storyapp.ExampleInstrumentedTest" tests="1" failures="0" errors="0" skipped="0" time="0.174" timestamp="2024-05-27T10:44:34" hostname="localhost">
  <properties>
    <property name="device" value="Medium_Phone_API_28(AVD) - 9" />
    <property name="flavor" value="" />
    <property name="project" value=":app" />
  </properties>
  <testcase name="useAppContext" classname="com.yan.storyapp.ExampleInstrumentedTest" time="0.002" />
</testsuite>